{"message":"App is listening on port 80!","level":"info","service":"user-service"}
{"message":"App is listening on port 80!","level":"info","service":"user-service"}
{"message":"[EXPRESS] Player vNE77wC3 is attempting to rejoin game fFlGrdEA","level":"info","service":"user-service"}
{"message":"[APIReconnectGame] Given string vNE77wC3, we resolved playertoken ","level":"debug","service":"user-service"}
{"message":"[APIReconnectGame] Given string fFlGrdEA, we resolved gametoken ","level":"debug","service":"user-service"}
{"message":"[APIReconnectGame] PlayerToken not an instance of PlayerToken ( false, 2)","level":"debug","service":"user-service"}
{"message":"[EXPRESS] Player Pg3wh8mK is attempting to rejoin game fFlGrdEA","level":"info","service":"user-service"}
{"message":"[APIReconnectGame] Given string Pg3wh8mK, we resolved playertoken ","level":"debug","service":"user-service"}
{"message":"[APIReconnectGame] Given string fFlGrdEA, we resolved gametoken ","level":"debug","service":"user-service"}
{"message":"[APIReconnectGame] PlayerToken not an instance of PlayerToken ( false, 2)","level":"debug","service":"user-service"}
{"message":"[EXPRESS] Creating new game","level":"info","service":"user-service"}
{"message":"[TokenManager] Generated token & uuid: QTS0Q9Bm, KmPyDyqy8Vx2ugbu","level":"debug","service":"user-service"}
{"message":"[Director] Created game GoSvVgX9 for player QTS0Q9Bm","level":"debug","service":"user-service"}
{"message":"[EXPRESS] Attempting to join game GoSvVgX9","level":"info","service":"user-service"}
{"message":"[TokenManager] Generated token & uuid: xBpUHKU7, EPaEt5We2WM8rq1f","level":"debug","service":"user-service"}
{"message":"[Director] Added player xBpUHKU7 to game GoSvVgX9","level":"debug","service":"user-service"}
{"message":"[EXPRESS] Attempting to join game GoSvVgX9","level":"info","service":"user-service"}
{"message":"[TokenManager] Generated token & uuid: PchnAYsK, dlVJj70YOtW8M1wP","level":"debug","service":"user-service"}
{"message":"[Director] Added player PchnAYsK to game GoSvVgX9","level":"debug","service":"user-service"}
{"message":"[EXPRESS] Player PchnAYsK is attempting to rejoin game GoSvVgX9","level":"info","service":"user-service"}
{"message":"[APIReconnectGame] Given string PchnAYsK, we resolved playertoken PchnAYsK","level":"debug","service":"user-service"}
{"message":"[APIReconnectGame] Given string GoSvVgX9, we resolved gametoken GoSvVgX9","level":"debug","service":"user-service"}
{"message":"[EXPRESS] Player PchnAYsK is attempting to rejoin game GoSvVgX9","level":"info","service":"user-service"}
{"message":"[APIReconnectGame] Given string PchnAYsK, we resolved playertoken PchnAYsK","level":"debug","service":"user-service"}
{"message":"[APIReconnectGame] Given string GoSvVgX9, we resolved gametoken GoSvVgX9","level":"debug","service":"user-service"}
{"message":"[EXPRESS] Player QTS0Q9Bm attempts to kick PchnAYsK from game GoSvVgX9","level":"info","service":"user-service"}
{"message":"[Director] Attempting to kick player PchnAYsK from game GoSvVgX9","level":"debug","service":"user-service"}
{"message":"[EXPRESS] Attempting to join game GoSvVgX9","level":"info","service":"user-service"}
{"message":"[TokenManager] Generated token & uuid: 7by4e6e7, GVtsq9nsTWgJESFC","level":"debug","service":"user-service"}
{"message":"[Director] Added player 7by4e6e7 to game GoSvVgX9","level":"debug","service":"user-service"}
{"message":"[EXPRESS] Player QTS0Q9Bm attempts to kick xBpUHKU7 from game GoSvVgX9","level":"info","service":"user-service"}
{"message":"[Director] Attempting to kick player xBpUHKU7 from game GoSvVgX9","level":"debug","service":"user-service"}
{"message":"[EXPRESS] Attempting to join game GoSvVgX9","level":"info","service":"user-service"}
{"message":"[TokenManager] Generated token & uuid: xYwMheaN, OpxSupWMIukUzqSG","level":"debug","service":"user-service"}
{"message":"[Director] Added player xYwMheaN to game GoSvVgX9","level":"debug","service":"user-service"}
{"message":"[EXPRESS] Player xYwMheaN is attempting to rejoin game GoSvVgX9","level":"info","service":"user-service"}
{"message":"[APIReconnectGame] Given string xYwMheaN, we resolved playertoken xYwMheaN","level":"debug","service":"user-service"}
{"message":"[APIReconnectGame] Given string GoSvVgX9, we resolved gametoken GoSvVgX9","level":"debug","service":"user-service"}
{"message":"[EXPRESS] Player QTS0Q9Bm is attempting to rejoin game GoSvVgX9","level":"info","service":"user-service"}
{"message":"[APIReconnectGame] Given string QTS0Q9Bm, we resolved playertoken QTS0Q9Bm","level":"debug","service":"user-service"}
{"message":"[APIReconnectGame] Given string GoSvVgX9, we resolved gametoken GoSvVgX9","level":"debug","service":"user-service"}
